<?xml version="1.0" encoding="UTF-8"?>
<!-- Generated by org.testng.reporters.JUnitReportReporter -->
<testsuite hostname="DESKTOP-SEQD9CK" failures="0" tests="1" name="test.NewTest" time="16.580" errors="0" timestamp="2023-07-02T21:16:27 IST" skipped="0">
  <testcase classname="test.NewTest" name="f" time="16.580"/>
</testsuite> <!-- test.NewTest -->
